# JRE version: OpenJDK Runtime Environment (13.0.2+8) (build 13.0.2+8)
# Java VM: OpenJDK 64-Bit Server VM (13.0.2+8, mixed mode, sharing, tiered, compressed oops, g1 gc, bsd-amd64)
Heap:
 garbage-first heap   total 166912K, used 123866K [0x0000000780000000, 0x0000000800000000)
  region size 1024K, 8 young (8192K), 7 survivors (7168K)
 Metaspace       used 18030K, capacity 18475K, committed 18816K, reserved 1064960K
  class space    used 2116K, capacity 2268K, committed 2432K, reserved 1048576K
GC Heap History (20 events):
Event: 612.345 GC heap before
{Heap before GC invocations=660 (full 0):
 garbage-first heap   total 159744K, used 131273K [0x0000000780000000, 0x0000000800000000)
  region size 1024K, 93 young (95232K), 1 survivors (1024K)
 Metaspace       used 17914K, capacity 18351K, committed 18560K, reserved 1064960K
  class space    used 2133K, capacity 2319K, committed 2432K, reserved 1048576K
}
Event: 612.345 GC heap after
{Heap after GC invocations=661 (full 0):
 garbage-first heap   total 159744K, used 37063K [0x0000000780000000, 0x0000000800000000)
  region size 1024K, 1 young (1024K), 1 survivors (1024K)
 Metaspace       used 17914K, capacity 18351K, committed 18560K, reserved 1064960K
  class space    used 2133K, capacity 2319K, committed 2432K, reserved 1048576K
}
Event: 612.508 GC heap before
{Heap before GC invocations=661 (full 0):
 garbage-first heap   total 159744K, used 131271K [0x0000000780000000, 0x0000000800000000)
  region size 1024K, 93 young (95232K), 1 survivors (1024K)
 Metaspace       used 17914K, capacity 18351K, committed 18560K, reserved 1064960K
  class space    used 2133K, capacity 2319K, committed 2432K, reserved 1048576K
}
Event: 612.509 GC heap after
{Heap after GC invocations=662 (full 0):
 garbage-first heap   total 159744K, used 37065K [0x0000000780000000, 0x0000000800000000)
  region size 1024K, 1 young (1024K), 1 survivors (1024K)
 Metaspace       used 17914K, capacity 18351K, committed 18560K, reserved 1064960K
  class space    used 2133K, capacity 2319K, committed 2432K, reserved 1048576K
}
Event: 612.670 GC heap before
{Heap before GC invocations=662 (full 0):
 garbage-first heap   total 159744K, used 131273K [0x0000000780000000, 0x0000000800000000)
  region size 1024K, 93 young (95232K), 1 survivors (1024K)
 Metaspace       used 17914K, capacity 18351K, committed 18560K, reserved 1064960K
  class space    used 2133K, capacity 2319K, committed 2432K, reserved 1048576K
}
Event: 612.671 GC heap after
{Heap after GC invocations=663 (full 0):
 garbage-first heap   total 159744K, used 37065K [0x0000000780000000, 0x0000000800000000)
  region size 1024K, 1 young (1024K), 1 survivors (1024K)
 Metaspace       used 17914K, capacity 18351K, committed 18560K, reserved 1064960K
  class space    used 2133K, capacity 2319K, committed 2432K, reserved 1048576K
}
Event: 612.833 GC heap before
{Heap before GC invocations=663 (full 0):
 garbage-first heap   total 159744K, used 131273K [0x0000000780000000, 0x0000000800000000)
  region size 1024K, 93 young (95232K), 1 survivors (1024K)
 Metaspace       used 17914K, capacity 18351K, committed 18560K, reserved 1064960K
  class space    used 2133K, capacity 2319K, committed 2432K, reserved 1048576K
}
Event: 612.833 GC heap after
{Heap after GC invocations=664 (full 0):
 garbage-first heap   total 159744K, used 37065K [0x0000000780000000, 0x0000000800000000)
  region size 1024K, 1 young (1024K), 1 survivors (1024K)
 Metaspace       used 17914K, capacity 18351K, committed 18560K, reserved 1064960K
  class space    used 2133K, capacity 2319K, committed 2432K, reserved 1048576K
}
Event: 612.995 GC heap before
{Heap before GC invocations=664 (full 0):
 garbage-first heap   total 159744K, used 131273K [0x0000000780000000, 0x0000000800000000)
  region size 1024K, 93 young (95232K), 1 survivors (1024K)
 Metaspace       used 17914K, capacity 18351K, committed 18560K, reserved 1064960K
  class space    used 2133K, capacity 2319K, committed 2432K, reserved 1048576K
}
Event: 612.995 GC heap after
{Heap after GC invocations=665 (full 0):
 garbage-first heap   total 159744K, used 37065K [0x0000000780000000, 0x0000000800000000)
  region size 1024K, 1 young (1024K), 1 survivors (1024K)
 Metaspace       used 17914K, capacity 18351K, committed 18560K, reserved 1064960K
  class space    used 2133K, capacity 2319K, committed 2432K, reserved 1048576K
}
Event: 613.157 GC heap before
{Heap before GC invocations=665 (full 0):
 garbage-first heap   total 159744K, used 131273K [0x0000000780000000, 0x0000000800000000)
  region size 1024K, 93 young (95232K), 1 survivors (1024K)
 Metaspace       used 17914K, capacity 18351K, committed 18560K, reserved 1064960K
  class space    used 2133K, capacity 2319K, committed 2432K, reserved 1048576K
}
Event: 613.157 GC heap after
{Heap after GC invocations=666 (full 0):
 garbage-first heap   total 159744K, used 37065K [0x0000000780000000, 0x0000000800000000)
  region size 1024K, 1 young (1024K), 1 survivors (1024K)
 Metaspace       used 17914K, capacity 18351K, committed 18560K, reserved 1064960K
  class space    used 2133K, capacity 2319K, committed 2432K, reserved 1048576K
}
Event: 613.322 GC heap before
{Heap before GC invocations=666 (full 0):
 garbage-first heap   total 159744K, used 131273K [0x0000000780000000, 0x0000000800000000)
  region size 1024K, 93 young (95232K), 1 survivors (1024K)
 Metaspace       used 17914K, capacity 18351K, committed 18560K, reserved 1064960K
  class space    used 2133K, capacity 2319K, committed 2432K, reserved 1048576K
}
Event: 613.322 GC heap after
{Heap after GC invocations=667 (full 0):
 garbage-first heap   total 159744K, used 37063K [0x0000000780000000, 0x0000000800000000)
  region size 1024K, 1 young (1024K), 1 survivors (1024K)
 Metaspace       used 17914K, capacity 18351K, committed 18560K, reserved 1064960K
  class space    used 2133K, capacity 2319K, committed 2432K, reserved 1048576K
}
Event: 3034.117 GC heap before
{Heap before GC invocations=667 (full 0):
 garbage-first heap   total 159744K, used 131271K [0x0000000780000000, 0x0000000800000000)
  region size 1024K, 93 young (95232K), 1 survivors (1024K)
 Metaspace       used 17914K, capacity 18351K, committed 18560K, reserved 1064960K
  class space    used 2133K, capacity 2319K, committed 2432K, reserved 1048576K
}
Event: 3034.121 GC heap after
{Heap after GC invocations=668 (full 0):
 garbage-first heap   total 159744K, used 37074K [0x0000000780000000, 0x0000000800000000)
  region size 1024K, 1 young (1024K), 1 survivors (1024K)
 Metaspace       used 17914K, capacity 18351K, committed 18560K, reserved 1064960K
  class space    used 2133K, capacity 2319K, committed 2432K, reserved 1048576K
}
Event: 6595.581 GC heap before
{Heap before GC invocations=668 (full 0):
 garbage-first heap   total 159744K, used 82130K [0x0000000780000000, 0x0000000800000000)
  region size 1024K, 18 young (18432K), 1 survivors (1024K)
 Metaspace       used 17924K, capacity 18351K, committed 18560K, reserved 1064960K
  class space    used 2134K, capacity 2319K, committed 2432K, reserved 1048576K
}
Event: 6595.664 GC heap after
{Heap after GC invocations=669 (full 0):
 garbage-first heap   total 159744K, used 65750K [0x0000000780000000, 0x0000000800000000)
  region size 1024K, 1 young (1024K), 1 survivors (1024K)
 Metaspace       used 17924K, capacity 18351K, committed 18560K, reserved 1064960K
  class space    used 2134K, capacity 2319K, committed 2432K, reserved 1048576K
}
Event: 7731.388 GC heap before
{Heap before GC invocations=670 (full 0):
 garbage-first heap   total 159744K, used 155862K [0x0000000780000000, 0x0000000800000000)
  region size 1024K, 40 young (40960K), 1 survivors (1024K)
 Metaspace       used 18030K, capacity 18475K, committed 18816K, reserved 1064960K
  class space    used 2116K, capacity 2268K, committed 2432K, reserved 1048576K
}
Event: 7731.405 GC heap after
{Heap after GC invocations=671 (full 0):
 garbage-first heap   total 166912K, used 123866K [0x0000000780000000, 0x0000000800000000)
  region size 1024K, 7 young (7168K), 7 survivors (7168K)
 Metaspace       used 18030K, capacity 18475K, committed 18816K, reserved 1064960K
  class space    used 2116K, capacity 2268K, committed 2432K, reserved 1048576K
}

